This col:       0
Time to do this column:    0.00071001053
This col:       1
Time to do this column:        1.2472579
This col:       2
Time to do this column:        1.2692890
This col:       3
Time to do this column:        1.2568820
This col:       4
Time to do this column:        1.2750251
This col:       5
Time to do this column:        1.2202439
This col:       6
Time to do this column:        1.4180930
This col:       7
Time to do this column:        1.2500191
This col:       8
Time to do this column:        1.2835939
This col:       9
Time to do this column:        1.2978029
This col:      10
Time to do this column:        1.3211951
This col:      11
Time to do this column:        1.2314079
This col:      12
Time to do this column:        1.3596022
This col:      13
Time to do this column:        1.2850740
This col:      14
Time to do this column:        1.4121749
This col:      15
Time to do this column:        1.2474320
This col:      16
Time to do this column:        1.2257829
This col:      17
Time to do this column:        1.4116502
This col:      18
Time to do this column:        1.3658369
This col:      19
Time to do this column:        1.3441281
This col:      20
Time to do this column:        1.2657790
This col:      21
Time to do this column:        1.2542129
This col:      22
Time to do this column:        1.3245661
This col:      23
Time to do this column:        1.3652308
This col:      24
Time to do this column:        1.2921391
This col:      25
Time to do this column:        1.1061029
This col:      26
Time to do this column:        1.3821542
This col:      27
Time to do this column:        1.1872959
This col:      28
Time to do this column:        1.2572329
This col:      29
Time to do this column:        1.2492411
This col:      30
Time to do this column:        1.1751049
This col:      31
Time to do this column:        1.3436701
This col:      32
Time to do this column:        1.3283010
This col:      33
Time to do this column:        1.2010751
This col:      34
Time to do this column:        1.4007540
This col:      35
Time to do this column:        1.2695460
This col:      36
Time to do this column:        1.3315589
This col:      37
Time to do this column:        1.3512030
This col:      38
Time to do this column:        1.1649101
This col:      39
Time to do this column:        1.2495399
This col:      40
Time to do this column:        1.5290141
This col:      41
Time to do this column:        1.3813250
This col:      42
Time to do this column:        1.3960021
This col:      43
Time to do this column:        1.2640688
This col:      44
Time to do this column:        1.5521822
This col:      45
Time to do this column:        1.4441319
This col:      46
Time to do this column:        1.4103160
This col:      47
Time to do this column:        1.4514492
This col:      48
Time to do this column:        1.3706019
This col:      49
Time to do this column:        1.3297980
This col:      50
Time to do this column:        1.4682791
This col:      51
Time to do this column:        1.2972538
This col:      52
Time to do this column:        1.4723129
This col:      53
Time to do this column:        1.2310302
This col:      54
Time to do this column:        1.3450928
This col:      55
Time to do this column:        1.1498802
This col:      56
Time to do this column:        1.2178628
This col:      57
Time to do this column:        1.3890612
This col:      58
Time to do this column:        1.3646128
This col:      59
Time to do this column:        1.4987850
This col:      60
Time to do this column:        1.2539790
This col:      61
Time to do this column:        1.2665210
This col:      62
Time to do this column:        1.4652381
This col:      63
Time to do this column:        1.3563280
This col:      64
Time to do this column:        1.1891980
This col:      65
Time to do this column:        1.2494590
This col:      66
Time to do this column:        1.3940279
This col:      67
Time to do this column:        1.2309811
This col:      68
Time to do this column:        1.2602949
This col:      69
Time to do this column:        1.3064950
This col:      70
Time to do this column:        1.2425511
This col:      71
Time to do this column:        1.3583319
This col:      72
Time to do this column:        1.2538011
This col:      73
Time to do this column:        1.2466879
This col:      74
Time to do this column:        1.3055441
This col:      75
Time to do this column:        1.3076048
This col:      76
Time to do this column:        1.2198272
This col:      77
Time to do this column:        1.2785950
This col:      78
Time to do this column:        1.3837330
This col:      79
Time to do this column:        1.2217419
This col:      80
Time to do this column:        1.3394899
This col:      81
Time to do this column:        1.2358441
This col:      82
Time to do this column:        1.3451979
This col:      83
Time to do this column:        1.2151980
This col:      84
Time to do this column:        1.2173469
This col:      85
Time to do this column:        1.3947151
This col:      86
Time to do this column:        1.3460090
This col:      87
Time to do this column:        1.3582389
This col:      88
Time to do this column:        1.3011491
This col:      89
Time to do this column:        1.4011509
This col:      90
Time to do this column:        1.3307309
This col:      91
Time to do this column:        1.3171442
This col:      92
Time to do this column:        1.3662949
This col:      93
Time to do this column:        1.2218261
This col:      94
Time to do this column:        1.4326479
This col:      95
Time to do this column:        1.2432930
This col:      96
Time to do this column:        1.3178041
This col:      97
Time to do this column:        1.2229388
This col:      98
Time to do this column:        1.4342780
This col:      99
Time to do this column:        1.3694501
This col:     100
Time to do this column:        1.3825109
This col:     101
Time to do this column:        1.2088840
This col:     102
Time to do this column:        1.3880961
This col:     103
Time to do this column:        1.3825979
This col:     104
Time to do this column:        1.1470811
This col:     105
Time to do this column:        1.3866930
This col:     106
Time to do this column:        1.3466709
This col:     107
Time to do this column:        1.2564611
This col:     108
Time to do this column:        1.2962739
This col:     109
Time to do this column:        1.4217341
This col:     110
Time to do this column:        1.3631370
This col:     111
Time to do this column:        1.2879238
This col:     112
Time to do this column:        1.5792811
This col:     113
Time to do this column:        1.2384989
This col:     114
Time to do this column:        1.3718591
This col:     115
Time to do this column:        1.4638610
This col:     116
Time to do this column:        1.2218161
This col:     117
Time to do this column:        1.4118259
This col:     118
Time to do this column:        1.2581000
This col:     119
Time to do this column:        1.4514971
This col:     120
Time to do this column:        1.2435870
This col:     121
Time to do this column:        1.2732210
This col:     122
Time to do this column:        1.2761388
This col:     123
Time to do this column:        1.0139871
This col:     124
Time to do this column:        1.1286349
This col:     125
Time to do this column:        1.0030272
This col:     126
Time to do this column:        1.0016818
This col:     127
Time to do this column:       0.92735600
This col:     128
Time to do this column:        1.1952531
This col:     129
Time to do this column:        1.0251429
This col:     130
Time to do this column:        1.0119600
This col:     131
Time to do this column:       0.93753815
This col:     132
Time to do this column:        1.0481839
This col:     133
Time to do this column:       0.95641899
This col:     134
Time to do this column:        1.1079350
This col:     135
Time to do this column:       0.94569898
This col:     136
Time to do this column:        1.0478151
This col:     137
Time to do this column:       0.91588902
This col:     138
Time to do this column:        1.0247030
This col:     139
Time to do this column:       0.99434900
This col:     140
Time to do this column:        1.0986929
This col:     141
Time to do this column:        1.4202220
This col:     142
Time to do this column:        1.3637490
This col:     143
Time to do this column:        1.2045600
This col:     144
Time to do this column:        1.1954830
This col:     145
Time to do this column:        1.3959339
This col:     146
Time to do this column:        1.3857801
This col:     147
Time to do this column:        1.2567270
This col:     148
Time to do this column:        1.2599061
This col:     149
Time to do this column:        1.3872609
This col:     150
Time to do this column:        1.2095339
This col:     151
Time to do this column:        1.3097031
This col:     152
Time to do this column:        1.2135010
This col:     153
Time to do this column:        1.2543411
This col:     154
Time to do this column:        1.4612648
This col:     155
Time to do this column:        1.3086469
This col:     156
Time to do this column:        1.2618251
This col:     157
Time to do this column:        1.3213501
This col:     158
Time to do this column:        1.4627140
This col:     159
Time to do this column:        1.3849571
This col:     160
Time to do this column:        1.3807189
This col:     161
Time to do this column:        1.4123919
This col:     162
Time to do this column:        1.3685961
This col:     163
Time to do this column:        1.2063050
This col:     164
Time to do this column:        1.2857840
This col:     165
Time to do this column:        1.2772090
This col:     166
Time to do this column:        1.4014828
This col:     167
Time to do this column:        1.2662430
This col:     168
Time to do this column:        1.5596330
This col:     169
Time to do this column:        1.5862131
This col:     170
Time to do this column:        1.3744779
This col:     171
Time to do this column:        1.3792362
This col:     172
Time to do this column:        1.4207308
This col:     173
Time to do this column:        1.2763190
This col:     174
Time to do this column:        1.3334789
This col:     175
Time to do this column:        1.5262232
This col:     176
Time to do this column:        1.2636809
This col:     177
Time to do this column:        1.2592430
This col:     178
Time to do this column:        1.3264370
This col:     179
Time to do this column:        1.3531489
This col:     180
Time to do this column:        1.3478231
This col:     181
Time to do this column:        1.2389638
This col:     182
Time to do this column:        1.2447400
This col:     183
Time to do this column:        1.4269991
This col:     184
Time to do this column:        1.2588661
This col:     185
Time to do this column:        1.4686649
This col:     186
Time to do this column:        1.4604089
This col:     187
Time to do this column:        1.2480922
This col:     188
Time to do this column:        1.5280218
This col:     189
Time to do this column:        1.3972502
This col:     190
Time to do this column:        1.3162889
This col:     191
Time to do this column:        1.4962850
This col:     192
Time to do this column:        1.3008921
This col:     193
Time to do this column:        1.4088960
This col:     194
Time to do this column:        1.5211689
This col:     195
Time to do this column:        1.2657890
This col:     196
Time to do this column:        1.3806839
This col:     197
Time to do this column:        1.4454391
This col:     198
Time to do this column:        1.2352600
This col:     199
Time to do this column:        1.6163929
This col:     200
Time to do this column:        1.2679660
This col:     201
Time to do this column:        1.3653719
This col:     202
Time to do this column:        1.4306102
This col:     203
Time to do this column:        1.4013000
This col:     204
Time to do this column:        1.2638590
This col:     205
Time to do this column:        1.4153900
This col:     206
Time to do this column:        1.3793960
This col:     207
Time to do this column:        1.3848000
This col:     208
Time to do this column:        1.3290401
This col:     209
Time to do this column:        1.3408821
This col:     210
Time to do this column:        1.2505729
This col:     211
Time to do this column:        1.2694480
This col:     212
Time to do this column:        1.2945969
This col:     213
Time to do this column:        1.3221140
This col:     214
Time to do this column:        1.3668530
This col:     215
Time to do this column:        1.3703611
This col:     216
Time to do this column:        1.3737490
This col:     217
Time to do this column:        1.3663659
This col:     218
Time to do this column:        1.4686570
This col:     219
Time to do this column:        1.1429961
This col:     220
Time to do this column:        1.3455338
This col:     221
Time to do this column:        1.3611770
This col:     222
Time to do this column:        1.3513391
This col:     223
Time to do this column:        1.3869660
This col:     224
Time to do this column:        1.3453400
This col:     225
Time to do this column:        1.3373330
This col:     226
Time to do this column:        1.5697730
This col:     227
Time to do this column:        1.3339791
This col:     228
Time to do this column:        1.3145430
This col:     229
Time to do this column:        1.2052360
This col:     230
Time to do this column:        1.5261099
This col:     231
Time to do this column:        1.2671721
This col:     232
Time to do this column:        1.3161418
This col:     233
Time to do this column:        1.3191321
This col:     234
Time to do this column:        1.3255379
This col:     235
Time to do this column:        1.4580622
This col:     236
Time to do this column:        1.3674080
This col:     237
Time to do this column:        1.2607570
This col:     238
Time to do this column:        1.2734878
This col:     239
Time to do this column:        1.3718340
This col:     240
Time to do this column:        1.4334362
This col:     241
Time to do this column:        1.3610768
This col:     242
Time to do this column:        1.3121760
This col:     243
Time to do this column:        1.5988340
This col:     244
Time to do this column:        1.5417130
This col:     245
Time to do this column:        1.0931990
This col:     246
Time to do this column:        1.2868440
This col:     247
Time to do this column:        1.4316711
This col:     248
Time to do this column:        1.3429708
This col:     249
Time to do this column:        1.5599110
This col:     250
Time to do this column:        1.1483090
This col:     251
Time to do this column:        1.0644310
This col:     252
Time to do this column:        1.2396190
This col:     253
Time to do this column:        1.1250761
This col:     254
Time to do this column:        1.1048520
This col:     255
Time to do this column:        1.1268740
This col:     256
Time to do this column:        1.0310872
This col:     257
Time to do this column:       0.98854685
This col:     258
Time to do this column:        1.0463459
This col:     259
Time to do this column:        1.0758362
This col:     260
Time to do this column:       0.94559884
This col:     261
Time to do this column:        1.2287290
This col:     262
Time to do this column:        1.3638341
This col:     263
Time to do this column:        1.5332870
This col:     264
Time to do this column:        1.2144978
This col:     265
Time to do this column:        1.3424711
This col:     266
Time to do this column:        1.5623851
This col:     267
Time to do this column:        1.2871590
This col:     268
Time to do this column:        1.3500099
This col:     269
Time to do this column:        1.4010479
This col:     270
Time to do this column:        1.4962931
This col:     271
Time to do this column:        1.2737639
This col:     272
Time to do this column:        1.5598931
This col:     273
Time to do this column:        1.4341171
This col:     274
Time to do this column:        1.3816078
This col:     275
Time to do this column:        1.3122232
This col:     276
Time to do this column:        1.4413738
This col:     277
Time to do this column:        1.4565151
This col:     278
Time to do this column:        1.2150061
This col:     279
Time to do this column:        1.3389778
This col:     280
Time to do this column:        1.1544001
This col:     281
Time to do this column:        1.1620641
This col:     282
Time to do this column:        1.0307379
This col:     283
Time to do this column:        1.0153790
This col:     284
Time to do this column:        1.3100221
This col:     285
Time to do this column:        1.2732120
This col:     286
Time to do this column:        1.4153030
This col:     287
Time to do this column:        1.3049800
This col:     288
Time to do this column:        1.3333900
This col:     289
Time to do this column:        1.2637899
This col:     290
Time to do this column:        1.3173420
This col:     291
Time to do this column:        1.3592541
This col:     292
Time to do this column:        1.2938190
This col:     293
Time to do this column:        1.3949790
This col:     294
Time to do this column:        1.3840580
This col:     295
Time to do this column:        1.5169330
This col:     296
Time to do this column:        1.3308439
This col:     297
Time to do this column:        1.2144940
This col:     298
Time to do this column:        1.3437171
This col:     299
Time to do this column:        1.3876519
This col:     300
Time to do this column:        1.3408320
This col:     301
Time to do this column:        1.2787971
This col:     302
Time to do this column:        1.1982138
This col:     303
Time to do this column:        1.3658991
This col:     304
Time to do this column:        1.3219149
This col:     305
Time to do this column:        1.3738730
This col:     306
Time to do this column:        1.1603620
This col:     307
Time to do this column:        1.1388822
This col:     308
Time to do this column:        1.2080779
This col:     309
Time to do this column:        1.2292171
This col:     310
Time to do this column:        1.4737520
This col:     311
Time to do this column:        1.3433290
This col:     312
Time to do this column:        1.6135731
This col:     313
Time to do this column:        1.3348110
This col:     314
Time to do this column:        1.2589750
This col:     315
Time to do this column:        1.2712150
This col:     316
Time to do this column:        1.2654190
This col:     317
Time to do this column:        1.3891981
This col:     318
Time to do this column:        1.3592908
This col:     319
Time to do this column:        1.3999541
This col:     320
Time to do this column:        1.3594861
This col:     321
Time to do this column:        1.3970919
This col:     322
Time to do this column:        1.3413210
This col:     323
Time to do this column:        1.5106471
This col:     324
Time to do this column:        1.3514950
This col:     325
Time to do this column:        1.2582150
This col:     326
Time to do this column:        1.1775560
This col:     327
Time to do this column:        1.4035580
This col:     328
Time to do this column:        1.4068198
This col:     329
Time to do this column:        1.3649042
This col:     330
Time to do this column:        1.3968999
This col:     331
Time to do this column:        1.3178501
This col:     332
Time to do this column:        1.1185188
This col:     333
Time to do this column:        1.1786070
This col:     334
Time to do this column:        1.0976591
This col:     335
Time to do this column:        1.1303959
This col:     336
Time to do this column:        1.0951991
This col:     337
Time to do this column:        1.0898809
This col:     338
Time to do this column:        1.1191161
This col:     339
Time to do this column:        1.2154069
This col:     340
Time to do this column:        1.1962440
This col:     341
Time to do this column:        1.3327851
This col:     342
Time to do this column:        1.1418769
This col:     343
Time to do this column:        1.2957940
This col:     344
Time to do this column:        1.3334839
This col:     345
Time to do this column:        1.2404721
This col:     346
Time to do this column:        1.2373631
This col:     347
Time to do this column:        1.2370548
This col:     348
Time to do this column:        1.0077610
This col:     349
Time to do this column:        1.0476971
This col:     350
Time to do this column:        1.0349979
This col:     351
Time to do this column:        1.1484730
This col:     352
Time to do this column:        1.1383991
This col:     353
Time to do this column:        1.1356459
This col:     354
Time to do this column:        1.2342861
This col:     355
Time to do this column:        1.2084310
This col:     356
Time to do this column:        1.2421288
This col:     357
Time to do this column:        1.2487452
This col:     358
Time to do this column:        1.2775409
This col:     359
Time to do this column:        1.3561130
